<?xml version="1.0" encoding="UTF-8"?>
<testng-results skipped="0" failed="0" total="4" passed="4">
  <reporter-output>
    <line>
      <![CDATA[Starting browser]]>
    </line>
    <line>
      <![CDATA[Reading properties file]]>
    </line>
    <line>
      <![CDATA[Browser found!]]>
    </line>
    <line>
      <![CDATA[Selected ChromeBrowser]]>
    </line>
    <line>
      <![CDATA[HomePage]]>
    </line>
    <line>
      <![CDATA[Reading properties file]]>
    </line>
    <line>
      <![CDATA[Reading properties file]]>
    </line>
    <line>
      <![CDATA[Testing SignUpPage]]>
    </line>
    <line>
      <![CDATA[SignUpPage]]>
    </line>
    <line>
      <![CDATA[Reading properties file]]>
    </line>
    <line>
      <![CDATA[Testing EmailPage]]>
    </line>
    <line>
      <![CDATA[Email page]]>
    </line>
    <line>
      <![CDATA[Reading properties file]]>
    </line>
    <line>
      <![CDATA[Reading properties file]]>
    </line>
    <line>
      <![CDATA[Closing the browser]]>
    </line>
  </reporter-output>
  <suite name="Default suite" duration-ms="30887" started-at="2017-04-13T02:36:21Z" finished-at="2017-04-13T02:36:52Z">
    <groups>
    </groups>
    <test name="Default test" duration-ms="30887" started-at="2017-04-13T02:36:21Z" finished-at="2017-04-13T02:36:52Z">
      <class name="com.AppDirect.Tests.PagesTest">
        <test-method status="PASS" signature="StartBrowser()[pri:0, instance:com.AppDirect.Tests.PagesTest@26be92ad]" name="StartBrowser" is-config="true" duration-ms="1768" started-at="2017-04-13T08:06:21Z" finished-at="2017-04-13T08:06:22Z">
          <reporter-output>
            <line>
              <![CDATA[Starting browser]]>
            </line>
            <line>
              <![CDATA[Reading properties file]]>
            </line>
            <line>
              <![CDATA[Browser found!]]>
            </line>
            <line>
              <![CDATA[Selected ChromeBrowser]]>
            </line>
          </reporter-output>
        </test-method> <!-- StartBrowser -->
        <test-method status="PASS" signature="HomePageTest()[pri:0, instance:com.AppDirect.Tests.PagesTest@26be92ad]" name="HomePageTest" duration-ms="15473" started-at="2017-04-13T08:06:22Z" finished-at="2017-04-13T08:06:38Z">
          <reporter-output>
            <line>
              <![CDATA[HomePage]]>
            </line>
            <line>
              <![CDATA[Reading properties file]]>
            </line>
            <line>
              <![CDATA[Reading properties file]]>
            </line>
          </reporter-output>
        </test-method> <!-- HomePageTest -->
        <test-method status="PASS" signature="SignUpPageTest()[pri:0, instance:com.AppDirect.Tests.PagesTest@26be92ad]" name="SignUpPageTest" duration-ms="8075" started-at="2017-04-13T08:06:38Z" finished-at="2017-04-13T08:06:46Z">
          <reporter-output>
            <line>
              <![CDATA[Testing SignUpPage]]>
            </line>
            <line>
              <![CDATA[SignUpPage]]>
            </line>
            <line>
              <![CDATA[Reading properties file]]>
            </line>
          </reporter-output>
        </test-method> <!-- SignUpPageTest -->
        <test-method status="PASS" signature="EmailPage()[pri:0, instance:com.AppDirect.Tests.PagesTest@26be92ad]" name="EmailPage" duration-ms="255" started-at="2017-04-13T08:06:46Z" finished-at="2017-04-13T08:06:46Z">
          <reporter-output>
            <line>
              <![CDATA[Testing EmailPage]]>
            </line>
            <line>
              <![CDATA[Email page]]>
            </line>
            <line>
              <![CDATA[Reading properties file]]>
            </line>
          </reporter-output>
        </test-method> <!-- EmailPage -->
        <test-method status="PASS" signature="NewRegistration()[pri:0, instance:com.AppDirect.Tests.PagesTest@26be92ad]" name="NewRegistration" duration-ms="5225" started-at="2017-04-13T08:06:46Z" finished-at="2017-04-13T08:06:52Z">
          <reporter-output>
            <line>
              <![CDATA[Reading properties file]]>
            </line>
          </reporter-output>
        </test-method> <!-- NewRegistration -->
        <test-method status="PASS" signature="CloseBrowser()[pri:0, instance:com.AppDirect.Tests.PagesTest@26be92ad]" name="CloseBrowser" is-config="true" duration-ms="78" started-at="2017-04-13T08:06:52Z" finished-at="2017-04-13T08:06:52Z">
          <reporter-output>
            <line>
              <![CDATA[Closing the browser]]>
            </line>
          </reporter-output>
        </test-method> <!-- CloseBrowser -->
      </class> <!-- com.AppDirect.Tests.PagesTest -->
    </test> <!-- Default test -->
  </suite> <!-- Default suite -->
</testng-results>
