<?xml version="1.0" encoding="UTF-8"?>
<!-- Generated by org.testng.reporters.JUnitXMLReporter -->
<testsuite hostname="Asheeshs-MacBook-Pro.local" name="Test" tests="3" failures="0" timestamp="10 Apr 2017 06:54:45 GMT" time="28.852" errors="0">
  <testcase name="HomePageTest" time="11.606" classname="com.AppDirect.Tests.PagesTest"/>
  <testcase name="SignUpPageTest" time="11.599" classname="com.AppDirect.Tests.PagesTest"/>
  <testcase name="EmailPage" time="0.25" classname="com.AppDirect.Tests.PagesTest"/>
</testsuite> <!-- Test -->
